TN:
SF:gendiff/__init__.py
DA:1,1,riwn7i/DZlH7zlwHVPfMSA
DA:3,1,ZRySTZ6Ns5Ia6jDptxmWpw
LF:2
LH:2
end_of_record
TN:
SF:gendiff/gendiff.py
DA:1,1,OaTlemF3bXMi5MP7Db8vkQ
DA:4,1,gKVQxRoETehJPKmhSh6y/Q
DA:5,1,q/BXV+IER8rVs8MUdz3HjQ
DA:6,1,GtXIxDHVmzOnQHOR7BDZbw
DA:9,1,eFwa8bEhE2AaaJw1yr1J2A
DA:10,1,ZqP7dQbHS/lI6Itgkb2wDw
DA:11,1,b6WtgGkO+1DCbdP1MUe7iw
DA:12,1,z2tOhdNVHKT3jR5EhnnM6g
DA:13,1,COo3sHj6SJnye8lBfPfwEw
DA:14,1,D4IuqSrUCiMoK4T33R2WYg
DA:15,1,MzGpaCC24Sd8/Z0rvJSBvg
DA:16,1,uN3cHofGJDu4RkoS733m+Q
DA:17,1,29FSkLDnGTQXhdyvVc8P/Q
DA:19,1,MzGpaCC24Sd8/Z0rvJSBvg
DA:20,1,COo3sHj6SJnye8lBfPfwEw
DA:21,1,O8WATuxzA1H0uN6I78+6Vg
DA:24,1,BPmYzrzixCV5qUObVbcHPQ
DA:25,1,Utbyato/yCmjcxpS0QxYyw
DA:26,1,X7Mgh+TMIO0gowZeaxY1Nw
DA:27,1,pkfcEOQ/QwB6jC6Cfq7sKA
DA:28,1,Y0RyVDjspqSFoffN6wihTA
DA:30,1,4dNhylbne907QJhStFd8og
DA:32,1,nKJ70SNL4ssZXa/LkSri8A
DA:33,1,qX4eJs4/k06ll9KX33QdHA
DA:34,1,oqyxYz9G8puj34NB8V7zYw
DA:37,1,vDnhgvmlvh4umo73X2nS6w
DA:38,1,dZUZIUlIH9GHPiuE0v8Rwg
DA:39,1,1ivTMc/E/auWdsAsDgo3AA
DA:40,1,GLi3hMLebopnpt7SmQvfZA
DA:41,1,ZeKP+Ndu5/Xf/EMg7HWGOw
DA:42,1,x5mZsNRm5PRT4YzA9gqlkg
DA:43,1,p/sQt1H+MgCtZYjFTwOTUg
DA:44,1,SoZU9Hpr4MtPhQues+q75Q
DA:45,1,Dv1zAfiEw8ZHzB/rseRCJg
DA:47,1,F2dXsgwK7134GokP5FoZrg
DA:48,1,k6J13OnG4MvxyOBaOjFtxg
DA:49,1,CXF01XvVxjUk93aSUdiOUA
DA:29,0,UG+0Do9Cq7ot73EZs4wlIg
DA:31,0,7CeEeeIOvQ/dSZr0NBovfA
LF:39
LH:37
end_of_record
TN:
SF:gendiff/parser.py
DA:1,0,UK6mfWrMcVFUe5fumx/PbA
DA:4,0,4tcMJe18pwhuoQrwbN2UQw
DA:5,0,9bBwIaSnGbn7+QjXg+vmPw
DA:9,0,qqj4Wo/WRgTraBqusRqMrg
DA:10,0,EtoJSEILo7ZHbLCwfoUmoQ
DA:11,0,lOVHxHlbX2nHMszeqnT0YA
DA:16,0,G5tbxNC3ir538IGjZxVoyA
LF:7
LH:0
end_of_record
TN:
SF:gendiff/scripts/__init__.py
LF:0
LH:0
end_of_record
TN:
SF:gendiff/scripts/gendiff.py
DA:3,0,paNgVm/5l6fyxF3HhAm7hw
DA:4,0,riwn7i/DZlH7zlwHVPfMSA
DA:7,0,CKoMXMB8Xv5ZC6iTILRdvA
DA:8,0,+6gNClMYQ50vnQHvS4ihHg
DA:9,0,et7oj5g2kkraZRuR4FC57w
DA:10,0,ZUnjvlCGW0r8/QWXwf723w
DA:11,0,GQTdY2a/gfVu0ZW+YPc16g
DA:14,0,PCd+tTkojc+/9k3Gg2wfWw
DA:15,0,2loYFqKsWTLg8EsfxY4sxw
LF:9
LH:0
end_of_record
